<?xml version="1.0" encoding="UTF-8"?>
<!-- Generated by org.testng.reporters.JUnitXMLReporter -->
<testsuite ignored="6" hostname="LAPTOP-5SM7DI6B" failures="0" tests="2" name="groupingtests" time="0.056" errors="0" timestamp="2025-03-28T17:33:33 IST">
  <testcase classname="day44.PaymentTests" name="paymentinRupes" time="0.013"/>
  <testcase classname="day44.PaymentTests" name="paymentDollars" time="0.001"/>
  <testcase classname="day44.LoginTests" name="loginBytwitter" time="0.0">
    <ignored/>
  </testcase> <!-- loginBytwitter -->
  <testcase classname="day44.LoginTests" name="loginByFaceBook" time="0.0">
    <ignored/>
  </testcase> <!-- loginByFaceBook -->
  <testcase classname="day44.SignupTests" name="signUpByfaceBook" time="0.0">
    <ignored/>
  </testcase> <!-- signUpByfaceBook -->
  <testcase classname="day44.SignupTests" name="signUpByEmail" time="0.0">
    <ignored/>
  </testcase> <!-- signUpByEmail -->
  <testcase classname="day44.LoginTests" name="loginByEmail" time="0.0">
    <ignored/>
  </testcase> <!-- loginByEmail -->
  <testcase classname="day44.SignupTests" name="signupByTwitter" time="0.0">
    <ignored/>
  </testcase> <!-- signupByTwitter -->
</testsuite> <!-- groupingtests -->
