<?xml version="1.0" encoding="UTF-8"?>
<!-- Generated by org.testng.reporters.JUnitXMLReporter -->
<testsuite ignored="0" hostname="LAPTOP-5SM7DI6B" failures="0" tests="3" name="Edge Test" time="23.904" errors="0" timestamp="2025-03-28T22:34:27 IST">
  <testcase classname="Day45.ParallelTesting" name="testLogo" time="6.444"/>
  <testcase classname="Day45.ParallelTesting" name="testTitle" time="0.014"/>
  <testcase classname="Day45.ParallelTesting" name="testURL" time="0.011"/>
</testsuite> <!-- Edge Test -->
