<?xml version="1.0" encoding="UTF-8"?>
<!-- Generated by org.testng.reporters.JUnitXMLReporter -->
<testsuite ignored="0" hostname="LAPTOP-5SM7DI6B" failures="0" tests="3" name="FireFoxTest" time="19.684" errors="0" timestamp="2025-03-28T22:34:23 IST">
  <testcase classname="Day45.ParallelTesting" name="testLogo" time="1.37"/>
  <testcase classname="Day45.ParallelTesting" name="testTitle" time="0.008"/>
  <testcase classname="Day45.ParallelTesting" name="testURL" time="0.01"/>
</testsuite> <!-- FireFoxTest -->
