<?xml version="1.0" encoding="UTF-8"?>
<!-- Generated by org.testng.reporters.JUnitXMLReporter -->
<testsuite ignored="0" hostname="LAPTOP-5SM7DI6B" failures="0" tests="3" name="Test" time="0.064" errors="0" timestamp="2025-04-10T20:19:43 IST">
  <testcase classname="day44.LoginTests" name="loginByEmail" time="0.014"/>
  <testcase classname="day44.LoginTests" name="loginByFaceBook" time="0.002"/>
  <testcase classname="day44.LoginTests" name="loginBytwitter" time="0.001"/>
</testsuite> <!-- Test -->
