<?xml version="1.0" encoding="UTF-8"?>
<testng-results ignored="0" total="3" passed="3" failed="0" skipped="0">
  <reporter-output>
  </reporter-output>
  <suite started-at="2025-04-10T20:19:43 IST" name="Suite" finished-at="2025-04-10T20:19:43 IST" duration-ms="64">
    <groups>
      <group name="sanity">
        <method signature="LoginTests.loginByEmail()[pri:1, instance:day44.LoginTests@5d7148e2]" name="loginByEmail" class="day44.LoginTests"/>
        <method signature="LoginTests.loginByFaceBook()[pri:2, instance:day44.LoginTests@5d7148e2]" name="loginByFaceBook" class="day44.LoginTests"/>
        <method signature="LoginTests.loginBytwitter()[pri:3, instance:day44.LoginTests@5d7148e2]" name="loginBytwitter" class="day44.LoginTests"/>
      </group> <!-- sanity -->
    </groups>
    <test started-at="2025-04-10T20:19:43 IST" name="Test" finished-at="2025-04-10T20:19:43 IST" duration-ms="64">
      <class name="day44.LoginTests">
        <test-method signature="loginByEmail()[pri:1, instance:day44.LoginTests@5d7148e2]" started-at="2025-04-10T20:19:43 IST" name="loginByEmail" finished-at="2025-04-10T20:19:43 IST" duration-ms="14" status="PASS">
          <reporter-output>
          </reporter-output>
        </test-method> <!-- loginByEmail -->
        <test-method signature="loginByFaceBook()[pri:2, instance:day44.LoginTests@5d7148e2]" started-at="2025-04-10T20:19:43 IST" name="loginByFaceBook" finished-at="2025-04-10T20:19:43 IST" duration-ms="2" status="PASS">
          <reporter-output>
          </reporter-output>
        </test-method> <!-- loginByFaceBook -->
        <test-method signature="loginBytwitter()[pri:3, instance:day44.LoginTests@5d7148e2]" started-at="2025-04-10T20:19:43 IST" name="loginBytwitter" finished-at="2025-04-10T20:19:43 IST" duration-ms="1" status="PASS">
          <reporter-output>
          </reporter-output>
        </test-method> <!-- loginBytwitter -->
      </class> <!-- day44.LoginTests -->
    </test> <!-- Test -->
  </suite> <!-- Suite -->
</testng-results>
